  test.c
c:\users\alex\desktop\wsu_sem_3\cpts_122\122_pa\aglenn_pa3_122\aglenn_pa3_122\test.c(32): warning C4996: 'strcpy': This function or variable may be unsafe. Consider using strcpy_s instead. To disable deprecation, use _CRT_SECURE_NO_WARNINGS. See online help for details.
  c:\program files (x86)\windows kits\10\include\10.0.10240.0\ucrt\string.h(119): note: see declaration of 'strcpy'
c:\users\alex\desktop\wsu_sem_3\cpts_122\122_pa\aglenn_pa3_122\aglenn_pa3_122\test.c(33): warning C4996: 'strcpy': This function or variable may be unsafe. Consider using strcpy_s instead. To disable deprecation, use _CRT_SECURE_NO_WARNINGS. See online help for details.
  c:\program files (x86)\windows kits\10\include\10.0.10240.0\ucrt\string.h(119): note: see declaration of 'strcpy'
c:\users\alex\desktop\wsu_sem_3\cpts_122\122_pa\aglenn_pa3_122\aglenn_pa3_122\test.c(34): warning C4996: 'strcpy': This function or variable may be unsafe. Consider using strcpy_s instead. To disable deprecation, use _CRT_SECURE_NO_WARNINGS. See online help for details.
  c:\program files (x86)\windows kits\10\include\10.0.10240.0\ucrt\string.h(119): note: see declaration of 'strcpy'
c:\users\alex\desktop\wsu_sem_3\cpts_122\122_pa\aglenn_pa3_122\aglenn_pa3_122\test.c(35): warning C4996: 'strcpy': This function or variable may be unsafe. Consider using strcpy_s instead. To disable deprecation, use _CRT_SECURE_NO_WARNINGS. See online help for details.
  c:\program files (x86)\windows kits\10\include\10.0.10240.0\ucrt\string.h(119): note: see declaration of 'strcpy'
  main.c
c:\users\alex\desktop\wsu_sem_3\cpts_122\122_pa\aglenn_pa3_122\aglenn_pa3_122\main.c(24): warning C4133: 'function': incompatible types - from 'Record *' to 'Node *'
  functions.c
c:\users\alex\desktop\wsu_sem_3\cpts_122\122_pa\aglenn_pa3_122\aglenn_pa3_122\functions.c(27): warning C4996: 'strcpy': This function or variable may be unsafe. Consider using strcpy_s instead. To disable deprecation, use _CRT_SECURE_NO_WARNINGS. See online help for details.
  c:\program files (x86)\windows kits\10\include\10.0.10240.0\ucrt\string.h(119): note: see declaration of 'strcpy'
c:\users\alex\desktop\wsu_sem_3\cpts_122\122_pa\aglenn_pa3_122\aglenn_pa3_122\functions.c(28): warning C4996: 'strcpy': This function or variable may be unsafe. Consider using strcpy_s instead. To disable deprecation, use _CRT_SECURE_NO_WARNINGS. See online help for details.
  c:\program files (x86)\windows kits\10\include\10.0.10240.0\ucrt\string.h(119): note: see declaration of 'strcpy'
c:\users\alex\desktop\wsu_sem_3\cpts_122\122_pa\aglenn_pa3_122\aglenn_pa3_122\functions.c(29): warning C4996: 'strcpy': This function or variable may be unsafe. Consider using strcpy_s instead. To disable deprecation, use _CRT_SECURE_NO_WARNINGS. See online help for details.
  c:\program files (x86)\windows kits\10\include\10.0.10240.0\ucrt\string.h(119): note: see declaration of 'strcpy'
c:\users\alex\desktop\wsu_sem_3\cpts_122\122_pa\aglenn_pa3_122\aglenn_pa3_122\functions.c(30): warning C4996: 'strcpy': This function or variable may be unsafe. Consider using strcpy_s instead. To disable deprecation, use _CRT_SECURE_NO_WARNINGS. See online help for details.
  c:\program files (x86)\windows kits\10\include\10.0.10240.0\ucrt\string.h(119): note: see declaration of 'strcpy'
c:\users\alex\desktop\wsu_sem_3\cpts_122\122_pa\aglenn_pa3_122\aglenn_pa3_122\functions.c(107): warning C4996: 'fopen': This function or variable may be unsafe. Consider using fopen_s instead. To disable deprecation, use _CRT_SECURE_NO_WARNINGS. See online help for details.
  c:\program files (x86)\windows kits\10\include\10.0.10240.0\ucrt\stdio.h(205): note: see declaration of 'fopen'
c:\users\alex\desktop\wsu_sem_3\cpts_122\122_pa\aglenn_pa3_122\aglenn_pa3_122\functions.c(128): warning C4996: 'strcpy': This function or variable may be unsafe. Consider using strcpy_s instead. To disable deprecation, use _CRT_SECURE_NO_WARNINGS. See online help for details.
  c:\program files (x86)\windows kits\10\include\10.0.10240.0\ucrt\string.h(119): note: see declaration of 'strcpy'
c:\users\alex\desktop\wsu_sem_3\cpts_122\122_pa\aglenn_pa3_122\aglenn_pa3_122\functions.c(129): warning C4996: 'strtok': This function or variable may be unsafe. Consider using strtok_s instead. To disable deprecation, use _CRT_SECURE_NO_WARNINGS. See online help for details.
  c:\program files (x86)\windows kits\10\include\10.0.10240.0\ucrt\string.h(453): note: see declaration of 'strtok'
c:\users\alex\desktop\wsu_sem_3\cpts_122\122_pa\aglenn_pa3_122\aglenn_pa3_122\functions.c(130): warning C4996: 'strtok': This function or variable may be unsafe. Consider using strtok_s instead. To disable deprecation, use _CRT_SECURE_NO_WARNINGS. See online help for details.
  c:\program files (x86)\windows kits\10\include\10.0.10240.0\ucrt\string.h(453): note: see declaration of 'strtok'
c:\users\alex\desktop\wsu_sem_3\cpts_122\122_pa\aglenn_pa3_122\aglenn_pa3_122\functions.c(134): warning C4996: 'strtok': This function or variable may be unsafe. Consider using strtok_s instead. To disable deprecation, use _CRT_SECURE_NO_WARNINGS. See online help for details.
  c:\program files (x86)\windows kits\10\include\10.0.10240.0\ucrt\string.h(453): note: see declaration of 'strtok'
c:\users\alex\desktop\wsu_sem_3\cpts_122\122_pa\aglenn_pa3_122\aglenn_pa3_122\functions.c(135): warning C4996: 'strcpy': This function or variable may be unsafe. Consider using strcpy_s instead. To disable deprecation, use _CRT_SECURE_NO_WARNINGS. See online help for details.
  c:\program files (x86)\windows kits\10\include\10.0.10240.0\ucrt\string.h(119): note: see declaration of 'strcpy'
c:\users\alex\desktop\wsu_sem_3\cpts_122\122_pa\aglenn_pa3_122\aglenn_pa3_122\functions.c(138): warning C4996: 'strtok': This function or variable may be unsafe. Consider using strtok_s instead. To disable deprecation, use _CRT_SECURE_NO_WARNINGS. See online help for details.
  c:\program files (x86)\windows kits\10\include\10.0.10240.0\ucrt\string.h(453): note: see declaration of 'strtok'
c:\users\alex\desktop\wsu_sem_3\cpts_122\122_pa\aglenn_pa3_122\aglenn_pa3_122\functions.c(139): warning C4996: 'strcpy': This function or variable may be unsafe. Consider using strcpy_s instead. To disable deprecation, use _CRT_SECURE_NO_WARNINGS. See online help for details.
  c:\program files (x86)\windows kits\10\include\10.0.10240.0\ucrt\string.h(119): note: see declaration of 'strcpy'
c:\users\alex\desktop\wsu_sem_3\cpts_122\122_pa\aglenn_pa3_122\aglenn_pa3_122\functions.c(141): warning C4996: 'strtok': This function or variable may be unsafe. Consider using strtok_s instead. To disable deprecation, use _CRT_SECURE_NO_WARNINGS. See online help for details.
  c:\program files (x86)\windows kits\10\include\10.0.10240.0\ucrt\string.h(453): note: see declaration of 'strtok'
c:\users\alex\desktop\wsu_sem_3\cpts_122\122_pa\aglenn_pa3_122\aglenn_pa3_122\functions.c(142): warning C4996: 'strcpy': This function or variable may be unsafe. Consider using strcpy_s instead. To disable deprecation, use _CRT_SECURE_NO_WARNINGS. See online help for details.
  c:\program files (x86)\windows kits\10\include\10.0.10240.0\ucrt\string.h(119): note: see declaration of 'strcpy'
c:\users\alex\desktop\wsu_sem_3\cpts_122\122_pa\aglenn_pa3_122\aglenn_pa3_122\functions.c(144): warning C4996: 'strtok': This function or variable may be unsafe. Consider using strtok_s instead. To disable deprecation, use _CRT_SECURE_NO_WARNINGS. See online help for details.
  c:\program files (x86)\windows kits\10\include\10.0.10240.0\ucrt\string.h(453): note: see declaration of 'strtok'
c:\users\alex\desktop\wsu_sem_3\cpts_122\122_pa\aglenn_pa3_122\aglenn_pa3_122\functions.c(145): warning C4996: 'strcpy': This function or variable may be unsafe. Consider using strcpy_s instead. To disable deprecation, use _CRT_SECURE_NO_WARNINGS. See online help for details.
  c:\program files (x86)\windows kits\10\include\10.0.10240.0\ucrt\string.h(119): note: see declaration of 'strcpy'
c:\users\alex\desktop\wsu_sem_3\cpts_122\122_pa\aglenn_pa3_122\aglenn_pa3_122\functions.c(147): warning C4996: 'strtok': This function or variable may be unsafe. Consider using strtok_s instead. To disable deprecation, use _CRT_SECURE_NO_WARNINGS. See online help for details.
  c:\program files (x86)\windows kits\10\include\10.0.10240.0\ucrt\string.h(453): note: see declaration of 'strtok'
c:\users\alex\desktop\wsu_sem_3\cpts_122\122_pa\aglenn_pa3_122\aglenn_pa3_122\functions.c(150): warning C4996: 'strtok': This function or variable may be unsafe. Consider using strtok_s instead. To disable deprecation, use _CRT_SECURE_NO_WARNINGS. See online help for details.
  c:\program files (x86)\windows kits\10\include\10.0.10240.0\ucrt\string.h(453): note: see declaration of 'strtok'
c:\users\alex\desktop\wsu_sem_3\cpts_122\122_pa\aglenn_pa3_122\aglenn_pa3_122\functions.c(153): warning C4996: 'strtok': This function or variable may be unsafe. Consider using strtok_s instead. To disable deprecation, use _CRT_SECURE_NO_WARNINGS. See online help for details.
  c:\program files (x86)\windows kits\10\include\10.0.10240.0\ucrt\string.h(453): note: see declaration of 'strtok'
c:\users\alex\desktop\wsu_sem_3\cpts_122\122_pa\aglenn_pa3_122\aglenn_pa3_122\functions.c(156): warning C4996: 'strtok': This function or variable may be unsafe. Consider using strtok_s instead. To disable deprecation, use _CRT_SECURE_NO_WARNINGS. See online help for details.
  c:\program files (x86)\windows kits\10\include\10.0.10240.0\ucrt\string.h(453): note: see declaration of 'strtok'
c:\users\alex\desktop\wsu_sem_3\cpts_122\122_pa\aglenn_pa3_122\aglenn_pa3_122\functions.c(175): warning C4996: 'scanf': This function or variable may be unsafe. Consider using scanf_s instead. To disable deprecation, use _CRT_SECURE_NO_WARNINGS. See online help for details.
  c:\program files (x86)\windows kits\10\include\10.0.10240.0\ucrt\stdio.h(1270): note: see declaration of 'scanf'
c:\users\alex\desktop\wsu_sem_3\cpts_122\122_pa\aglenn_pa3_122\aglenn_pa3_122\functions.c(188): warning C4996: 'strtok': This function or variable may be unsafe. Consider using strtok_s instead. To disable deprecation, use _CRT_SECURE_NO_WARNINGS. See online help for details.
  c:\program files (x86)\windows kits\10\include\10.0.10240.0\ucrt\string.h(453): note: see declaration of 'strtok'
c:\users\alex\desktop\wsu_sem_3\cpts_122\122_pa\aglenn_pa3_122\aglenn_pa3_122\functions.c(216): warning C4996: 'fopen': This function or variable may be unsafe. Consider using fopen_s instead. To disable deprecation, use _CRT_SECURE_NO_WARNINGS. See online help for details.
  c:\program files (x86)\windows kits\10\include\10.0.10240.0\ucrt\stdio.h(205): note: see declaration of 'fopen'
c:\users\alex\desktop\wsu_sem_3\cpts_122\122_pa\aglenn_pa3_122\aglenn_pa3_122\functions.c(239): warning C4996: 'strtok': This function or variable may be unsafe. Consider using strtok_s instead. To disable deprecation, use _CRT_SECURE_NO_WARNINGS. See online help for details.
  c:\program files (x86)\windows kits\10\include\10.0.10240.0\ucrt\string.h(453): note: see declaration of 'strtok'
c:\users\alex\desktop\wsu_sem_3\cpts_122\122_pa\aglenn_pa3_122\aglenn_pa3_122\functions.c(255): warning C4996: 'scanf': This function or variable may be unsafe. Consider using scanf_s instead. To disable deprecation, use _CRT_SECURE_NO_WARNINGS. See online help for details.
  c:\program files (x86)\windows kits\10\include\10.0.10240.0\ucrt\stdio.h(1270): note: see declaration of 'scanf'
c:\users\alex\desktop\wsu_sem_3\cpts_122\122_pa\aglenn_pa3_122\aglenn_pa3_122\functions.c(270): warning C4996: 'scanf': This function or variable may be unsafe. Consider using scanf_s instead. To disable deprecation, use _CRT_SECURE_NO_WARNINGS. See online help for details.
  c:\program files (x86)\windows kits\10\include\10.0.10240.0\ucrt\stdio.h(1270): note: see declaration of 'scanf'
c:\users\alex\desktop\wsu_sem_3\cpts_122\122_pa\aglenn_pa3_122\aglenn_pa3_122\functions.c(276): warning C4996: 'scanf': This function or variable may be unsafe. Consider using scanf_s instead. To disable deprecation, use _CRT_SECURE_NO_WARNINGS. See online help for details.
  c:\program files (x86)\windows kits\10\include\10.0.10240.0\ucrt\stdio.h(1270): note: see declaration of 'scanf'
c:\users\alex\desktop\wsu_sem_3\cpts_122\122_pa\aglenn_pa3_122\aglenn_pa3_122\functions.c(277): warning C4996: 'strcpy': This function or variable may be unsafe. Consider using strcpy_s instead. To disable deprecation, use _CRT_SECURE_NO_WARNINGS. See online help for details.
  c:\program files (x86)\windows kits\10\include\10.0.10240.0\ucrt\string.h(119): note: see declaration of 'strcpy'
c:\users\alex\desktop\wsu_sem_3\cpts_122\122_pa\aglenn_pa3_122\aglenn_pa3_122\functions.c(283): warning C4996: 'scanf': This function or variable may be unsafe. Consider using scanf_s instead. To disable deprecation, use _CRT_SECURE_NO_WARNINGS. See online help for details.
  c:\program files (x86)\windows kits\10\include\10.0.10240.0\ucrt\stdio.h(1270): note: see declaration of 'scanf'
c:\users\alex\desktop\wsu_sem_3\cpts_122\122_pa\aglenn_pa3_122\aglenn_pa3_122\functions.c(284): warning C4996: 'strcpy': This function or variable may be unsafe. Consider using strcpy_s instead. To disable deprecation, use _CRT_SECURE_NO_WARNINGS. See online help for details.
  c:\program files (x86)\windows kits\10\include\10.0.10240.0\ucrt\string.h(119): note: see declaration of 'strcpy'
c:\users\alex\desktop\wsu_sem_3\cpts_122\122_pa\aglenn_pa3_122\aglenn_pa3_122\functions.c(290): warning C4996: 'scanf': This function or variable may be unsafe. Consider using scanf_s instead. To disable deprecation, use _CRT_SECURE_NO_WARNINGS. See online help for details.
  c:\program files (x86)\windows kits\10\include\10.0.10240.0\ucrt\stdio.h(1270): note: see declaration of 'scanf'
c:\users\alex\desktop\wsu_sem_3\cpts_122\122_pa\aglenn_pa3_122\aglenn_pa3_122\functions.c(291): warning C4996: 'strcpy': This function or variable may be unsafe. Consider using strcpy_s instead. To disable deprecation, use _CRT_SECURE_NO_WARNINGS. See online help for details.
  c:\program files (x86)\windows kits\10\include\10.0.10240.0\ucrt\string.h(119): note: see declaration of 'strcpy'
c:\users\alex\desktop\wsu_sem_3\cpts_122\122_pa\aglenn_pa3_122\aglenn_pa3_122\functions.c(297): warning C4996: 'scanf': This function or variable may be unsafe. Consider using scanf_s instead. To disable deprecation, use _CRT_SECURE_NO_WARNINGS. See online help for details.
  c:\program files (x86)\windows kits\10\include\10.0.10240.0\ucrt\stdio.h(1270): note: see declaration of 'scanf'
c:\users\alex\desktop\wsu_sem_3\cpts_122\122_pa\aglenn_pa3_122\aglenn_pa3_122\functions.c(298): warning C4996: 'strcpy': This function or variable may be unsafe. Consider using strcpy_s instead. To disable deprecation, use _CRT_SECURE_NO_WARNINGS. See online help for details.
  c:\program files (x86)\windows kits\10\include\10.0.10240.0\ucrt\string.h(119): note: see declaration of 'strcpy'
c:\users\alex\desktop\wsu_sem_3\cpts_122\122_pa\aglenn_pa3_122\aglenn_pa3_122\functions.c(304): warning C4996: 'scanf': This function or variable may be unsafe. Consider using scanf_s instead. To disable deprecation, use _CRT_SECURE_NO_WARNINGS. See online help for details.
  c:\program files (x86)\windows kits\10\include\10.0.10240.0\ucrt\stdio.h(1270): note: see declaration of 'scanf'
c:\users\alex\desktop\wsu_sem_3\cpts_122\122_pa\aglenn_pa3_122\aglenn_pa3_122\functions.c(306): warning C4996: 'scanf': This function or variable may be unsafe. Consider using scanf_s instead. To disable deprecation, use _CRT_SECURE_NO_WARNINGS. See online help for details.
  c:\program files (x86)\windows kits\10\include\10.0.10240.0\ucrt\stdio.h(1270): note: see declaration of 'scanf'
c:\users\alex\desktop\wsu_sem_3\cpts_122\122_pa\aglenn_pa3_122\aglenn_pa3_122\functions.c(314): warning C4996: 'scanf': This function or variable may be unsafe. Consider using scanf_s instead. To disable deprecation, use _CRT_SECURE_NO_WARNINGS. See online help for details.
  c:\program files (x86)\windows kits\10\include\10.0.10240.0\ucrt\stdio.h(1270): note: see declaration of 'scanf'
c:\users\alex\desktop\wsu_sem_3\cpts_122\122_pa\aglenn_pa3_122\aglenn_pa3_122\functions.c(321): warning C4996: 'scanf': This function or variable may be unsafe. Consider using scanf_s instead. To disable deprecation, use _CRT_SECURE_NO_WARNINGS. See online help for details.
  c:\program files (x86)\windows kits\10\include\10.0.10240.0\ucrt\stdio.h(1270): note: see declaration of 'scanf'
c:\users\alex\desktop\wsu_sem_3\cpts_122\122_pa\aglenn_pa3_122\aglenn_pa3_122\functions.c(340): warning C4996: 'strtok': This function or variable may be unsafe. Consider using strtok_s instead. To disable deprecation, use _CRT_SECURE_NO_WARNINGS. See online help for details.
  c:\program files (x86)\windows kits\10\include\10.0.10240.0\ucrt\string.h(453): note: see declaration of 'strtok'
c:\users\alex\desktop\wsu_sem_3\cpts_122\122_pa\aglenn_pa3_122\aglenn_pa3_122\functions.c(345): warning C4996: 'scanf': This function or variable may be unsafe. Consider using scanf_s instead. To disable deprecation, use _CRT_SECURE_NO_WARNINGS. See online help for details.
  c:\program files (x86)\windows kits\10\include\10.0.10240.0\ucrt\stdio.h(1270): note: see declaration of 'scanf'
c:\users\alex\desktop\wsu_sem_3\cpts_122\122_pa\aglenn_pa3_122\aglenn_pa3_122\functions.c(369): warning C4996: 'strtok': This function or variable may be unsafe. Consider using strtok_s instead. To disable deprecation, use _CRT_SECURE_NO_WARNINGS. See online help for details.
  c:\program files (x86)\windows kits\10\include\10.0.10240.0\ucrt\string.h(453): note: see declaration of 'strtok'
c:\users\alex\desktop\wsu_sem_3\cpts_122\122_pa\aglenn_pa3_122\aglenn_pa3_122\functions.c(411): warning C4996: 'scanf': This function or variable may be unsafe. Consider using scanf_s instead. To disable deprecation, use _CRT_SECURE_NO_WARNINGS. See online help for details.
  c:\program files (x86)\windows kits\10\include\10.0.10240.0\ucrt\stdio.h(1270): note: see declaration of 'scanf'
c:\users\alex\desktop\wsu_sem_3\cpts_122\122_pa\aglenn_pa3_122\aglenn_pa3_122\functions.c(486): warning C4996: 'strcpy': This function or variable may be unsafe. Consider using strcpy_s instead. To disable deprecation, use _CRT_SECURE_NO_WARNINGS. See online help for details.
  c:\program files (x86)\windows kits\10\include\10.0.10240.0\ucrt\string.h(119): note: see declaration of 'strcpy'
c:\users\alex\desktop\wsu_sem_3\cpts_122\122_pa\aglenn_pa3_122\aglenn_pa3_122\functions.c(487): warning C4996: 'strcpy': This function or variable may be unsafe. Consider using strcpy_s instead. To disable deprecation, use _CRT_SECURE_NO_WARNINGS. See online help for details.
  c:\program files (x86)\windows kits\10\include\10.0.10240.0\ucrt\string.h(119): note: see declaration of 'strcpy'
c:\users\alex\desktop\wsu_sem_3\cpts_122\122_pa\aglenn_pa3_122\aglenn_pa3_122\functions.c(488): warning C4996: 'strcpy': This function or variable may be unsafe. Consider using strcpy_s instead. To disable deprecation, use _CRT_SECURE_NO_WARNINGS. See online help for details.
  c:\program files (x86)\windows kits\10\include\10.0.10240.0\ucrt\string.h(119): note: see declaration of 'strcpy'
c:\users\alex\desktop\wsu_sem_3\cpts_122\122_pa\aglenn_pa3_122\aglenn_pa3_122\functions.c(489): warning C4996: 'strcpy': This function or variable may be unsafe. Consider using strcpy_s instead. To disable deprecation, use _CRT_SECURE_NO_WARNINGS. See online help for details.
  c:\program files (x86)\windows kits\10\include\10.0.10240.0\ucrt\string.h(119): note: see declaration of 'strcpy'
c:\users\alex\desktop\wsu_sem_3\cpts_122\122_pa\aglenn_pa3_122\aglenn_pa3_122\functions.c(519): warning C4996: 'strtok': This function or variable may be unsafe. Consider using strtok_s instead. To disable deprecation, use _CRT_SECURE_NO_WARNINGS. See online help for details.
  c:\program files (x86)\windows kits\10\include\10.0.10240.0\ucrt\string.h(453): note: see declaration of 'strtok'
c:\users\alex\desktop\wsu_sem_3\cpts_122\122_pa\aglenn_pa3_122\aglenn_pa3_122\functions.c(523): warning C4996: 'strtok': This function or variable may be unsafe. Consider using strtok_s instead. To disable deprecation, use _CRT_SECURE_NO_WARNINGS. See online help for details.
  c:\program files (x86)\windows kits\10\include\10.0.10240.0\ucrt\string.h(453): note: see declaration of 'strtok'
c:\users\alex\desktop\wsu_sem_3\cpts_122\122_pa\aglenn_pa3_122\aglenn_pa3_122\functions.c(527): warning C4996: 'strtok': This function or variable may be unsafe. Consider using strtok_s instead. To disable deprecation, use _CRT_SECURE_NO_WARNINGS. See online help for details.
  c:\program files (x86)\windows kits\10\include\10.0.10240.0\ucrt\string.h(453): note: see declaration of 'strtok'
c:\users\alex\desktop\wsu_sem_3\cpts_122\122_pa\aglenn_pa3_122\aglenn_pa3_122\functions.c(531): warning C4996: 'strtok': This function or variable may be unsafe. Consider using strtok_s instead. To disable deprecation, use _CRT_SECURE_NO_WARNINGS. See online help for details.
  c:\program files (x86)\windows kits\10\include\10.0.10240.0\ucrt\string.h(453): note: see declaration of 'strtok'
c:\users\alex\desktop\wsu_sem_3\cpts_122\122_pa\aglenn_pa3_122\aglenn_pa3_122\functions.c(534): warning C4996: 'scanf': This function or variable may be unsafe. Consider using scanf_s instead. To disable deprecation, use _CRT_SECURE_NO_WARNINGS. See online help for details.
  c:\program files (x86)\windows kits\10\include\10.0.10240.0\ucrt\stdio.h(1270): note: see declaration of 'scanf'
c:\users\alex\desktop\wsu_sem_3\cpts_122\122_pa\aglenn_pa3_122\aglenn_pa3_122\functions.c(537): warning C4996: 'scanf': This function or variable may be unsafe. Consider using scanf_s instead. To disable deprecation, use _CRT_SECURE_NO_WARNINGS. See online help for details.
  c:\program files (x86)\windows kits\10\include\10.0.10240.0\ucrt\stdio.h(1270): note: see declaration of 'scanf'
c:\users\alex\desktop\wsu_sem_3\cpts_122\122_pa\aglenn_pa3_122\aglenn_pa3_122\functions.c(540): warning C4996: 'scanf': This function or variable may be unsafe. Consider using scanf_s instead. To disable deprecation, use _CRT_SECURE_NO_WARNINGS. See online help for details.
  c:\program files (x86)\windows kits\10\include\10.0.10240.0\ucrt\stdio.h(1270): note: see declaration of 'scanf'
c:\users\alex\desktop\wsu_sem_3\cpts_122\122_pa\aglenn_pa3_122\aglenn_pa3_122\functions.c(543): warning C4996: 'scanf': This function or variable may be unsafe. Consider using scanf_s instead. To disable deprecation, use _CRT_SECURE_NO_WARNINGS. See online help for details.
  c:\program files (x86)\windows kits\10\include\10.0.10240.0\ucrt\stdio.h(1270): note: see declaration of 'scanf'
c:\users\alex\desktop\wsu_sem_3\cpts_122\122_pa\aglenn_pa3_122\aglenn_pa3_122\functions.c(545): warning C4996: 'strcpy': This function or variable may be unsafe. Consider using strcpy_s instead. To disable deprecation, use _CRT_SECURE_NO_WARNINGS. See online help for details.
  c:\program files (x86)\windows kits\10\include\10.0.10240.0\ucrt\string.h(119): note: see declaration of 'strcpy'
c:\users\alex\desktop\wsu_sem_3\cpts_122\122_pa\aglenn_pa3_122\aglenn_pa3_122\functions.c(546): warning C4996: 'strcpy': This function or variable may be unsafe. Consider using strcpy_s instead. To disable deprecation, use _CRT_SECURE_NO_WARNINGS. See online help for details.
  c:\program files (x86)\windows kits\10\include\10.0.10240.0\ucrt\string.h(119): note: see declaration of 'strcpy'
c:\users\alex\desktop\wsu_sem_3\cpts_122\122_pa\aglenn_pa3_122\aglenn_pa3_122\functions.c(547): warning C4996: 'strcpy': This function or variable may be unsafe. Consider using strcpy_s instead. To disable deprecation, use _CRT_SECURE_NO_WARNINGS. See online help for details.
  c:\program files (x86)\windows kits\10\include\10.0.10240.0\ucrt\string.h(119): note: see declaration of 'strcpy'
c:\users\alex\desktop\wsu_sem_3\cpts_122\122_pa\aglenn_pa3_122\aglenn_pa3_122\functions.c(548): warning C4996: 'strcpy': This function or variable may be unsafe. Consider using strcpy_s instead. To disable deprecation, use _CRT_SECURE_NO_WARNINGS. See online help for details.
  c:\program files (x86)\windows kits\10\include\10.0.10240.0\ucrt\string.h(119): note: see declaration of 'strcpy'
c:\users\alex\desktop\wsu_sem_3\cpts_122\122_pa\aglenn_pa3_122\aglenn_pa3_122\functions.c(599): warning C4996: 'strtok': This function or variable may be unsafe. Consider using strtok_s instead. To disable deprecation, use _CRT_SECURE_NO_WARNINGS. See online help for details.
  c:\program files (x86)\windows kits\10\include\10.0.10240.0\ucrt\string.h(453): note: see declaration of 'strtok'
c:\users\alex\desktop\wsu_sem_3\cpts_122\122_pa\aglenn_pa3_122\aglenn_pa3_122\functions.c(634): warning C4996: 'strcpy': This function or variable may be unsafe. Consider using strcpy_s instead. To disable deprecation, use _CRT_SECURE_NO_WARNINGS. See online help for details.
  c:\program files (x86)\windows kits\10\include\10.0.10240.0\ucrt\string.h(119): note: see declaration of 'strcpy'
c:\users\alex\desktop\wsu_sem_3\cpts_122\122_pa\aglenn_pa3_122\aglenn_pa3_122\functions.c(635): warning C4996: 'strcpy': This function or variable may be unsafe. Consider using strcpy_s instead. To disable deprecation, use _CRT_SECURE_NO_WARNINGS. See online help for details.
  c:\program files (x86)\windows kits\10\include\10.0.10240.0\ucrt\string.h(119): note: see declaration of 'strcpy'
c:\users\alex\desktop\wsu_sem_3\cpts_122\122_pa\aglenn_pa3_122\aglenn_pa3_122\functions.c(636): warning C4996: 'strcpy': This function or variable may be unsafe. Consider using strcpy_s instead. To disable deprecation, use _CRT_SECURE_NO_WARNINGS. See online help for details.
  c:\program files (x86)\windows kits\10\include\10.0.10240.0\ucrt\string.h(119): note: see declaration of 'strcpy'
c:\users\alex\desktop\wsu_sem_3\cpts_122\122_pa\aglenn_pa3_122\aglenn_pa3_122\functions.c(637): warning C4996: 'strcpy': This function or variable may be unsafe. Consider using strcpy_s instead. To disable deprecation, use _CRT_SECURE_NO_WARNINGS. See online help for details.
  c:\program files (x86)\windows kits\10\include\10.0.10240.0\ucrt\string.h(119): note: see declaration of 'strcpy'
c:\users\alex\desktop\wsu_sem_3\cpts_122\122_pa\aglenn_pa3_122\aglenn_pa3_122\functions.c(643): warning C4996: 'strcpy': This function or variable may be unsafe. Consider using strcpy_s instead. To disable deprecation, use _CRT_SECURE_NO_WARNINGS. See online help for details.
  c:\program files (x86)\windows kits\10\include\10.0.10240.0\ucrt\string.h(119): note: see declaration of 'strcpy'
c:\users\alex\desktop\wsu_sem_3\cpts_122\122_pa\aglenn_pa3_122\aglenn_pa3_122\functions.c(644): warning C4996: 'strcpy': This function or variable may be unsafe. Consider using strcpy_s instead. To disable deprecation, use _CRT_SECURE_NO_WARNINGS. See online help for details.
  c:\program files (x86)\windows kits\10\include\10.0.10240.0\ucrt\string.h(119): note: see declaration of 'strcpy'
c:\users\alex\desktop\wsu_sem_3\cpts_122\122_pa\aglenn_pa3_122\aglenn_pa3_122\functions.c(645): warning C4996: 'strcpy': This function or variable may be unsafe. Consider using strcpy_s instead. To disable deprecation, use _CRT_SECURE_NO_WARNINGS. See online help for details.
  c:\program files (x86)\windows kits\10\include\10.0.10240.0\ucrt\string.h(119): note: see declaration of 'strcpy'
c:\users\alex\desktop\wsu_sem_3\cpts_122\122_pa\aglenn_pa3_122\aglenn_pa3_122\functions.c(646): warning C4996: 'strcpy': This function or variable may be unsafe. Consider using strcpy_s instead. To disable deprecation, use _CRT_SECURE_NO_WARNINGS. See online help for details.
  c:\program files (x86)\windows kits\10\include\10.0.10240.0\ucrt\string.h(119): note: see declaration of 'strcpy'
c:\users\alex\desktop\wsu_sem_3\cpts_122\122_pa\aglenn_pa3_122\aglenn_pa3_122\functions.c(652): warning C4996: 'strcpy': This function or variable may be unsafe. Consider using strcpy_s instead. To disable deprecation, use _CRT_SECURE_NO_WARNINGS. See online help for details.
  c:\program files (x86)\windows kits\10\include\10.0.10240.0\ucrt\string.h(119): note: see declaration of 'strcpy'
c:\users\alex\desktop\wsu_sem_3\cpts_122\122_pa\aglenn_pa3_122\aglenn_pa3_122\functions.c(653): warning C4996: 'strcpy': This function or variable may be unsafe. Consider using strcpy_s instead. To disable deprecation, use _CRT_SECURE_NO_WARNINGS. See online help for details.
  c:\program files (x86)\windows kits\10\include\10.0.10240.0\ucrt\string.h(119): note: see declaration of 'strcpy'
c:\users\alex\desktop\wsu_sem_3\cpts_122\122_pa\aglenn_pa3_122\aglenn_pa3_122\functions.c(654): warning C4996: 'strcpy': This function or variable may be unsafe. Consider using strcpy_s instead. To disable deprecation, use _CRT_SECURE_NO_WARNINGS. See online help for details.
  c:\program files (x86)\windows kits\10\include\10.0.10240.0\ucrt\string.h(119): note: see declaration of 'strcpy'
c:\users\alex\desktop\wsu_sem_3\cpts_122\122_pa\aglenn_pa3_122\aglenn_pa3_122\functions.c(655): warning C4996: 'strcpy': This function or variable may be unsafe. Consider using strcpy_s instead. To disable deprecation, use _CRT_SECURE_NO_WARNINGS. See online help for details.
  c:\program files (x86)\windows kits\10\include\10.0.10240.0\ucrt\string.h(119): note: see declaration of 'strcpy'
c:\users\alex\desktop\wsu_sem_3\cpts_122\122_pa\aglenn_pa3_122\aglenn_pa3_122\functions.c(696): warning C4996: 'strcpy': This function or variable may be unsafe. Consider using strcpy_s instead. To disable deprecation, use _CRT_SECURE_NO_WARNINGS. See online help for details.
  c:\program files (x86)\windows kits\10\include\10.0.10240.0\ucrt\string.h(119): note: see declaration of 'strcpy'
c:\users\alex\desktop\wsu_sem_3\cpts_122\122_pa\aglenn_pa3_122\aglenn_pa3_122\functions.c(697): warning C4996: 'strcpy': This function or variable may be unsafe. Consider using strcpy_s instead. To disable deprecation, use _CRT_SECURE_NO_WARNINGS. See online help for details.
  c:\program files (x86)\windows kits\10\include\10.0.10240.0\ucrt\string.h(119): note: see declaration of 'strcpy'
c:\users\alex\desktop\wsu_sem_3\cpts_122\122_pa\aglenn_pa3_122\aglenn_pa3_122\functions.c(698): warning C4996: 'strcpy': This function or variable may be unsafe. Consider using strcpy_s instead. To disable deprecation, use _CRT_SECURE_NO_WARNINGS. See online help for details.
  c:\program files (x86)\windows kits\10\include\10.0.10240.0\ucrt\string.h(119): note: see declaration of 'strcpy'
c:\users\alex\desktop\wsu_sem_3\cpts_122\122_pa\aglenn_pa3_122\aglenn_pa3_122\functions.c(699): warning C4996: 'strcpy': This function or variable may be unsafe. Consider using strcpy_s instead. To disable deprecation, use _CRT_SECURE_NO_WARNINGS. See online help for details.
  c:\program files (x86)\windows kits\10\include\10.0.10240.0\ucrt\string.h(119): note: see declaration of 'strcpy'
c:\users\alex\desktop\wsu_sem_3\cpts_122\122_pa\aglenn_pa3_122\aglenn_pa3_122\functions.c(705): warning C4996: 'strcpy': This function or variable may be unsafe. Consider using strcpy_s instead. To disable deprecation, use _CRT_SECURE_NO_WARNINGS. See online help for details.
  c:\program files (x86)\windows kits\10\include\10.0.10240.0\ucrt\string.h(119): note: see declaration of 'strcpy'
c:\users\alex\desktop\wsu_sem_3\cpts_122\122_pa\aglenn_pa3_122\aglenn_pa3_122\functions.c(706): warning C4996: 'strcpy': This function or variable may be unsafe. Consider using strcpy_s instead. To disable deprecation, use _CRT_SECURE_NO_WARNINGS. See online help for details.
  c:\program files (x86)\windows kits\10\include\10.0.10240.0\ucrt\string.h(119): note: see declaration of 'strcpy'
c:\users\alex\desktop\wsu_sem_3\cpts_122\122_pa\aglenn_pa3_122\aglenn_pa3_122\functions.c(707): warning C4996: 'strcpy': This function or variable may be unsafe. Consider using strcpy_s instead. To disable deprecation, use _CRT_SECURE_NO_WARNINGS. See online help for details.
  c:\program files (x86)\windows kits\10\include\10.0.10240.0\ucrt\string.h(119): note: see declaration of 'strcpy'
c:\users\alex\desktop\wsu_sem_3\cpts_122\122_pa\aglenn_pa3_122\aglenn_pa3_122\functions.c(708): warning C4996: 'strcpy': This function or variable may be unsafe. Consider using strcpy_s instead. To disable deprecation, use _CRT_SECURE_NO_WARNINGS. See online help for details.
  c:\program files (x86)\windows kits\10\include\10.0.10240.0\ucrt\string.h(119): note: see declaration of 'strcpy'
c:\users\alex\desktop\wsu_sem_3\cpts_122\122_pa\aglenn_pa3_122\aglenn_pa3_122\functions.c(714): warning C4996: 'strcpy': This function or variable may be unsafe. Consider using strcpy_s instead. To disable deprecation, use _CRT_SECURE_NO_WARNINGS. See online help for details.
  c:\program files (x86)\windows kits\10\include\10.0.10240.0\ucrt\string.h(119): note: see declaration of 'strcpy'
c:\users\alex\desktop\wsu_sem_3\cpts_122\122_pa\aglenn_pa3_122\aglenn_pa3_122\functions.c(715): warning C4996: 'strcpy': This function or variable may be unsafe. Consider using strcpy_s instead. To disable deprecation, use _CRT_SECURE_NO_WARNINGS. See online help for details.
  c:\program files (x86)\windows kits\10\include\10.0.10240.0\ucrt\string.h(119): note: see declaration of 'strcpy'
c:\users\alex\desktop\wsu_sem_3\cpts_122\122_pa\aglenn_pa3_122\aglenn_pa3_122\functions.c(716): warning C4996: 'strcpy': This function or variable may be unsafe. Consider using strcpy_s instead. To disable deprecation, use _CRT_SECURE_NO_WARNINGS. See online help for details.
  c:\program files (x86)\windows kits\10\include\10.0.10240.0\ucrt\string.h(119): note: see declaration of 'strcpy'
c:\users\alex\desktop\wsu_sem_3\cpts_122\122_pa\aglenn_pa3_122\aglenn_pa3_122\functions.c(717): warning C4996: 'strcpy': This function or variable may be unsafe. Consider using strcpy_s instead. To disable deprecation, use _CRT_SECURE_NO_WARNINGS. See online help for details.
  c:\program files (x86)\windows kits\10\include\10.0.10240.0\ucrt\string.h(119): note: see declaration of 'strcpy'
c:\users\alex\desktop\wsu_sem_3\cpts_122\122_pa\aglenn_pa3_122\aglenn_pa3_122\functions.c(758): warning C4996: 'strcpy': This function or variable may be unsafe. Consider using strcpy_s instead. To disable deprecation, use _CRT_SECURE_NO_WARNINGS. See online help for details.
  c:\program files (x86)\windows kits\10\include\10.0.10240.0\ucrt\string.h(119): note: see declaration of 'strcpy'
c:\users\alex\desktop\wsu_sem_3\cpts_122\122_pa\aglenn_pa3_122\aglenn_pa3_122\functions.c(759): warning C4996: 'strcpy': This function or variable may be unsafe. Consider using strcpy_s instead. To disable deprecation, use _CRT_SECURE_NO_WARNINGS. See online help for details.
  c:\program files (x86)\windows kits\10\include\10.0.10240.0\ucrt\string.h(119): note: see declaration of 'strcpy'
c:\users\alex\desktop\wsu_sem_3\cpts_122\122_pa\aglenn_pa3_122\aglenn_pa3_122\functions.c(760): warning C4996: 'strcpy': This function or variable may be unsafe. Consider using strcpy_s instead. To disable deprecation, use _CRT_SECURE_NO_WARNINGS. See online help for details.
  c:\program files (x86)\windows kits\10\include\10.0.10240.0\ucrt\string.h(119): note: see declaration of 'strcpy'
c:\users\alex\desktop\wsu_sem_3\cpts_122\122_pa\aglenn_pa3_122\aglenn_pa3_122\functions.c(761): warning C4996: 'strcpy': This function or variable may be unsafe. Consider using strcpy_s instead. To disable deprecation, use _CRT_SECURE_NO_WARNINGS. See online help for details.
  c:\program files (x86)\windows kits\10\include\10.0.10240.0\ucrt\string.h(119): note: see declaration of 'strcpy'
c:\users\alex\desktop\wsu_sem_3\cpts_122\122_pa\aglenn_pa3_122\aglenn_pa3_122\functions.c(767): warning C4996: 'strcpy': This function or variable may be unsafe. Consider using strcpy_s instead. To disable deprecation, use _CRT_SECURE_NO_WARNINGS. See online help for details.
  c:\program files (x86)\windows kits\10\include\10.0.10240.0\ucrt\string.h(119): note: see declaration of 'strcpy'
c:\users\alex\desktop\wsu_sem_3\cpts_122\122_pa\aglenn_pa3_122\aglenn_pa3_122\functions.c(768): warning C4996: 'strcpy': This function or variable may be unsafe. Consider using strcpy_s instead. To disable deprecation, use _CRT_SECURE_NO_WARNINGS. See online help for details.
  c:\program files (x86)\windows kits\10\include\10.0.10240.0\ucrt\string.h(119): note: see declaration of 'strcpy'
c:\users\alex\desktop\wsu_sem_3\cpts_122\122_pa\aglenn_pa3_122\aglenn_pa3_122\functions.c(769): warning C4996: 'strcpy': This function or variable may be unsafe. Consider using strcpy_s instead. To disable deprecation, use _CRT_SECURE_NO_WARNINGS. See online help for details.
  c:\program files (x86)\windows kits\10\include\10.0.10240.0\ucrt\string.h(119): note: see declaration of 'strcpy'
c:\users\alex\desktop\wsu_sem_3\cpts_122\122_pa\aglenn_pa3_122\aglenn_pa3_122\functions.c(770): warning C4996: 'strcpy': This function or variable may be unsafe. Consider using strcpy_s instead. To disable deprecation, use _CRT_SECURE_NO_WARNINGS. See online help for details.
  c:\program files (x86)\windows kits\10\include\10.0.10240.0\ucrt\string.h(119): note: see declaration of 'strcpy'
c:\users\alex\desktop\wsu_sem_3\cpts_122\122_pa\aglenn_pa3_122\aglenn_pa3_122\functions.c(776): warning C4996: 'strcpy': This function or variable may be unsafe. Consider using strcpy_s instead. To disable deprecation, use _CRT_SECURE_NO_WARNINGS. See online help for details.
  c:\program files (x86)\windows kits\10\include\10.0.10240.0\ucrt\string.h(119): note: see declaration of 'strcpy'
c:\users\alex\desktop\wsu_sem_3\cpts_122\122_pa\aglenn_pa3_122\aglenn_pa3_122\functions.c(777): warning C4996: 'strcpy': This function or variable may be unsafe. Consider using strcpy_s instead. To disable deprecation, use _CRT_SECURE_NO_WARNINGS. See online help for details.
  c:\program files (x86)\windows kits\10\include\10.0.10240.0\ucrt\string.h(119): note: see declaration of 'strcpy'
c:\users\alex\desktop\wsu_sem_3\cpts_122\122_pa\aglenn_pa3_122\aglenn_pa3_122\functions.c(778): warning C4996: 'strcpy': This function or variable may be unsafe. Consider using strcpy_s instead. To disable deprecation, use _CRT_SECURE_NO_WARNINGS. See online help for details.
  c:\program files (x86)\windows kits\10\include\10.0.10240.0\ucrt\string.h(119): note: see declaration of 'strcpy'
c:\users\alex\desktop\wsu_sem_3\cpts_122\122_pa\aglenn_pa3_122\aglenn_pa3_122\functions.c(779): warning C4996: 'strcpy': This function or variable may be unsafe. Consider using strcpy_s instead. To disable deprecation, use _CRT_SECURE_NO_WARNINGS. See online help for details.
  c:\program files (x86)\windows kits\10\include\10.0.10240.0\ucrt\string.h(119): note: see declaration of 'strcpy'
c:\users\alex\desktop\wsu_sem_3\cpts_122\122_pa\aglenn_pa3_122\aglenn_pa3_122\functions.c(817): warning C4996: 'strcpy': This function or variable may be unsafe. Consider using strcpy_s instead. To disable deprecation, use _CRT_SECURE_NO_WARNINGS. See online help for details.
  c:\program files (x86)\windows kits\10\include\10.0.10240.0\ucrt\string.h(119): note: see declaration of 'strcpy'
c:\users\alex\desktop\wsu_sem_3\cpts_122\122_pa\aglenn_pa3_122\aglenn_pa3_122\functions.c(818): warning C4996: 'strcpy': This function or variable may be unsafe. Consider using strcpy_s instead. To disable deprecation, use _CRT_SECURE_NO_WARNINGS. See online help for details.
  c:\program files (x86)\windows kits\10\include\10.0.10240.0\ucrt\string.h(119): note: see declaration of 'strcpy'
c:\users\alex\desktop\wsu_sem_3\cpts_122\122_pa\aglenn_pa3_122\aglenn_pa3_122\functions.c(819): warning C4996: 'strcpy': This function or variable may be unsafe. Consider using strcpy_s instead. To disable deprecation, use _CRT_SECURE_NO_WARNINGS. See online help for details.
  c:\program files (x86)\windows kits\10\include\10.0.10240.0\ucrt\string.h(119): note: see declaration of 'strcpy'
c:\users\alex\desktop\wsu_sem_3\cpts_122\122_pa\aglenn_pa3_122\aglenn_pa3_122\functions.c(820): warning C4996: 'strcpy': This function or variable may be unsafe. Consider using strcpy_s instead. To disable deprecation, use _CRT_SECURE_NO_WARNINGS. See online help for details.
  c:\program files (x86)\windows kits\10\include\10.0.10240.0\ucrt\string.h(119): note: see declaration of 'strcpy'
c:\users\alex\desktop\wsu_sem_3\cpts_122\122_pa\aglenn_pa3_122\aglenn_pa3_122\functions.c(828): warning C4996: 'strcpy': This function or variable may be unsafe. Consider using strcpy_s instead. To disable deprecation, use _CRT_SECURE_NO_WARNINGS. See online help for details.
  c:\program files (x86)\windows kits\10\include\10.0.10240.0\ucrt\string.h(119): note: see declaration of 'strcpy'
c:\users\alex\desktop\wsu_sem_3\cpts_122\122_pa\aglenn_pa3_122\aglenn_pa3_122\functions.c(829): warning C4996: 'strcpy': This function or variable may be unsafe. Consider using strcpy_s instead. To disable deprecation, use _CRT_SECURE_NO_WARNINGS. See online help for details.
  c:\program files (x86)\windows kits\10\include\10.0.10240.0\ucrt\string.h(119): note: see declaration of 'strcpy'
c:\users\alex\desktop\wsu_sem_3\cpts_122\122_pa\aglenn_pa3_122\aglenn_pa3_122\functions.c(830): warning C4996: 'strcpy': This function or variable may be unsafe. Consider using strcpy_s instead. To disable deprecation, use _CRT_SECURE_NO_WARNINGS. See online help for details.
  c:\program files (x86)\windows kits\10\include\10.0.10240.0\ucrt\string.h(119): note: see declaration of 'strcpy'
c:\users\alex\desktop\wsu_sem_3\cpts_122\122_pa\aglenn_pa3_122\aglenn_pa3_122\functions.c(831): warning C4996: 'strcpy': This function or variable may be unsafe. Consider using strcpy_s instead. To disable deprecation, use _CRT_SECURE_NO_WARNINGS. See online help for details.
  c:\program files (x86)\windows kits\10\include\10.0.10240.0\ucrt\string.h(119): note: see declaration of 'strcpy'
c:\users\alex\desktop\wsu_sem_3\cpts_122\122_pa\aglenn_pa3_122\aglenn_pa3_122\functions.c(837): warning C4996: 'strcpy': This function or variable may be unsafe. Consider using strcpy_s instead. To disable deprecation, use _CRT_SECURE_NO_WARNINGS. See online help for details.
  c:\program files (x86)\windows kits\10\include\10.0.10240.0\ucrt\string.h(119): note: see declaration of 'strcpy'
c:\users\alex\desktop\wsu_sem_3\cpts_122\122_pa\aglenn_pa3_122\aglenn_pa3_122\functions.c(838): warning C4996: 'strcpy': This function or variable may be unsafe. Consider using strcpy_s instead. To disable deprecation, use _CRT_SECURE_NO_WARNINGS. See online help for details.
  c:\program files (x86)\windows kits\10\include\10.0.10240.0\ucrt\string.h(119): note: see declaration of 'strcpy'
c:\users\alex\desktop\wsu_sem_3\cpts_122\122_pa\aglenn_pa3_122\aglenn_pa3_122\functions.c(839): warning C4996: 'strcpy': This function or variable may be unsafe. Consider using strcpy_s instead. To disable deprecation, use _CRT_SECURE_NO_WARNINGS. See online help for details.
  c:\program files (x86)\windows kits\10\include\10.0.10240.0\ucrt\string.h(119): note: see declaration of 'strcpy'
c:\users\alex\desktop\wsu_sem_3\cpts_122\122_pa\aglenn_pa3_122\aglenn_pa3_122\functions.c(840): warning C4996: 'strcpy': This function or variable may be unsafe. Consider using strcpy_s instead. To disable deprecation, use _CRT_SECURE_NO_WARNINGS. See online help for details.
  c:\program files (x86)\windows kits\10\include\10.0.10240.0\ucrt\string.h(119): note: see declaration of 'strcpy'
c:\users\alex\desktop\wsu_sem_3\cpts_122\122_pa\aglenn_pa3_122\aglenn_pa3_122\functions.c(846): warning C4996: 'strcpy': This function or variable may be unsafe. Consider using strcpy_s instead. To disable deprecation, use _CRT_SECURE_NO_WARNINGS. See online help for details.
  c:\program files (x86)\windows kits\10\include\10.0.10240.0\ucrt\string.h(119): note: see declaration of 'strcpy'
c:\users\alex\desktop\wsu_sem_3\cpts_122\122_pa\aglenn_pa3_122\aglenn_pa3_122\functions.c(847): warning C4996: 'strcpy': This function or variable may be unsafe. Consider using strcpy_s instead. To disable deprecation, use _CRT_SECURE_NO_WARNINGS. See online help for details.
  c:\program files (x86)\windows kits\10\include\10.0.10240.0\ucrt\string.h(119): note: see declaration of 'strcpy'
c:\users\alex\desktop\wsu_sem_3\cpts_122\122_pa\aglenn_pa3_122\aglenn_pa3_122\functions.c(848): warning C4996: 'strcpy': This function or variable may be unsafe. Consider using strcpy_s instead. To disable deprecation, use _CRT_SECURE_NO_WARNINGS. See online help for details.
  c:\program files (x86)\windows kits\10\include\10.0.10240.0\ucrt\string.h(119): note: see declaration of 'strcpy'
c:\users\alex\desktop\wsu_sem_3\cpts_122\122_pa\aglenn_pa3_122\aglenn_pa3_122\functions.c(849): warning C4996: 'strcpy': This function or variable may be unsafe. Consider using strcpy_s instead. To disable deprecation, use _CRT_SECURE_NO_WARNINGS. See online help for details.
  c:\program files (x86)\windows kits\10\include\10.0.10240.0\ucrt\string.h(119): note: see declaration of 'strcpy'
c:\users\alex\desktop\wsu_sem_3\cpts_122\122_pa\aglenn_pa3_122\aglenn_pa3_122\functions.c(873): warning C4996: 'scanf': This function or variable may be unsafe. Consider using scanf_s instead. To disable deprecation, use _CRT_SECURE_NO_WARNINGS. See online help for details.
  c:\program files (x86)\windows kits\10\include\10.0.10240.0\ucrt\stdio.h(1270): note: see declaration of 'scanf'
c:\users\alex\desktop\wsu_sem_3\cpts_122\122_pa\aglenn_pa3_122\aglenn_pa3_122\functions.c(901): warning C4996: 'strcpy': This function or variable may be unsafe. Consider using strcpy_s instead. To disable deprecation, use _CRT_SECURE_NO_WARNINGS. See online help for details.
  c:\program files (x86)\windows kits\10\include\10.0.10240.0\ucrt\string.h(119): note: see declaration of 'strcpy'
c:\users\alex\desktop\wsu_sem_3\cpts_122\122_pa\aglenn_pa3_122\aglenn_pa3_122\functions.c(905): warning C4996: 'strtok': This function or variable may be unsafe. Consider using strtok_s instead. To disable deprecation, use _CRT_SECURE_NO_WARNINGS. See online help for details.
  c:\program files (x86)\windows kits\10\include\10.0.10240.0\ucrt\string.h(453): note: see declaration of 'strtok'
c:\users\alex\desktop\wsu_sem_3\cpts_122\122_pa\aglenn_pa3_122\aglenn_pa3_122\functions.c(907): warning C4996: 'strtok': This function or variable may be unsafe. Consider using strtok_s instead. To disable deprecation, use _CRT_SECURE_NO_WARNINGS. See online help for details.
  c:\program files (x86)\windows kits\10\include\10.0.10240.0\ucrt\string.h(453): note: see declaration of 'strtok'
c:\users\alex\desktop\wsu_sem_3\cpts_122\122_pa\aglenn_pa3_122\aglenn_pa3_122\functions.c(909): warning C4996: 'strcpy': This function or variable may be unsafe. Consider using strcpy_s instead. To disable deprecation, use _CRT_SECURE_NO_WARNINGS. See online help for details.
  c:\program files (x86)\windows kits\10\include\10.0.10240.0\ucrt\string.h(119): note: see declaration of 'strcpy'
c:\users\alex\desktop\wsu_sem_3\cpts_122\122_pa\aglenn_pa3_122\aglenn_pa3_122\functions.c(910): warning C4996: 'strcpy': This function or variable may be unsafe. Consider using strcpy_s instead. To disable deprecation, use _CRT_SECURE_NO_WARNINGS. See online help for details.
  c:\program files (x86)\windows kits\10\include\10.0.10240.0\ucrt\string.h(119): note: see declaration of 'strcpy'
c:\users\alex\desktop\wsu_sem_3\cpts_122\122_pa\aglenn_pa3_122\aglenn_pa3_122\functions.c(911): warning C4996: 'strcat': This function or variable may be unsafe. Consider using strcat_s instead. To disable deprecation, use _CRT_SECURE_NO_WARNINGS. See online help for details.
  c:\program files (x86)\windows kits\10\include\10.0.10240.0\ucrt\string.h(90): note: see declaration of 'strcat'
  Generating Code...
c:\users\alex\desktop\wsu_sem_3\cpts_122\122_pa\aglenn_pa3_122\aglenn_pa3_122\functions.c(912): warning C4172: returning address of local variable or temporary: newFirst
c:\users\alex\desktop\wsu_sem_3\cpts_122\122_pa\aglenn_pa3_122\aglenn_pa3_122\functions.c(916): warning C4172: returning address of local variable or temporary: newArtist
  aglenn_pa3_122.vcxproj -> C:\Users\Alex\Desktop\WSU_Sem_3\CptS_122\122_PA\aglenn_pa3_122\Debug\aglenn_pa3_122.exe
  aglenn_pa3_122.vcxproj -> C:\Users\Alex\Desktop\WSU_Sem_3\CptS_122\122_PA\aglenn_pa3_122\Debug\aglenn_pa3_122.pdb (Full PDB)
